[debug] [2021-11-16T23:39:25.283Z] ----------------------------------------------------------------------
[debug] [2021-11-16T23:39:25.285Z] Command:       C:\Program Files\nodejs\node.exe C:\Users\neeha\AppData\Roaming\npm\node_modules\firebase-tools\lib\bin\firebase.js init hosting
[debug] [2021-11-16T23:39:25.285Z] CLI Version:   9.22.0
[debug] [2021-11-16T23:39:25.286Z] Platform:      win32
[debug] [2021-11-16T23:39:25.286Z] Node Version:  v14.15.4
[debug] [2021-11-16T23:39:25.286Z] Time:          Tue Nov 16 2021 18:39:25 GMT-0500 (Eastern Standard Time)
[debug] [2021-11-16T23:39:25.287Z] ----------------------------------------------------------------------
[debug] 
[debug] [2021-11-16T23:39:25.294Z] > command requires scopes: ["email","openid","https://www.googleapis.com/auth/cloudplatformprojects.readonly","https://www.googleapis.com/auth/firebase","https://www.googleapis.com/auth/cloud-platform"]
[debug] [2021-11-16T23:39:25.294Z] > authorizing via signed-in user (soujanya.janapatla2791@gmail.com)
[info] 
     ######## #### ########  ######## ########     ###     ######  ########
     ##        ##  ##     ## ##       ##     ##  ##   ##  ##       ##
     ######    ##  ########  ######   ########  #########  ######  ######
     ##        ##  ##    ##  ##       ##     ## ##     ##       ## ##
     ##       #### ##     ## ######## ########  ##     ##  ######  ########

You're about to initialize a Firebase project in this directory:

  C:\Users\neeha\OneDrive\Documents\soujanya\angular2\nextrip-angular

[info] 
=== Project Setup
[info] 
[info] First, let's associate this project directory with a Firebase project.
[info] You can create multiple project aliases by running firebase use --add, 
[info] but for now we'll just set up a default project.
[info] 
[info] i  If you want to create a project in a Google Cloud organization or folder, please use "firebase projects:create" instead, and return to this command when you've created the project. 
[debug] [2021-11-16T23:40:38.194Z] > refreshing access token with scopes: ["email","https://www.googleapis.com/auth/cloud-platform","https://www.googleapis.com/auth/cloudplatformprojects.readonly","https://www.googleapis.com/auth/firebase","openid"]
[debug] [2021-11-16T23:40:38.195Z] >>> HTTP REQUEST POST https://www.googleapis.com/oauth2/v3/token  
 <request body omitted>
[debug] [2021-11-16T23:40:38.347Z] <<< HTTP RESPONSE 200 {"cache-control":"no-cache, no-store, max-age=0, must-revalidate","expires":"Mon, 01 Jan 1990 00:00:00 GMT","date":"Tue, 16 Nov 2021 23:40:38 GMT","pragma":"no-cache","content-type":"application/json; charset=utf-8","vary":"X-Origin, Referer, Origin,Accept-Encoding","server":"scaffolding on HTTPServer2","x-xss-protection":"0","x-frame-options":"SAMEORIGIN","x-content-type-options":"nosniff","alt-svc":"h3=\":443\"; ma=2592000,h3-29=\":443\"; ma=2592000,h3-Q050=\":443\"; ma=2592000,h3-Q046=\":443\"; ma=2592000,h3-Q043=\":443\"; ma=2592000,quic=\":443\"; ma=2592000; v=\"46,43\"","accept-ranges":"none","transfer-encoding":"chunked"}
[debug] [2021-11-16T23:40:38.355Z] >>> HTTP REQUEST POST https://cloudresourcemanager.googleapis.com/v1/projects  
 {"projectId":"nextrip-angular","name":"nextrip-angular"}
[debug] [2021-11-16T23:40:38.730Z] <<< HTTP RESPONSE 200 {"content-type":"application/json; charset=UTF-8","vary":"X-Origin, Referer, Origin,Accept-Encoding","date":"Tue, 16 Nov 2021 23:40:39 GMT","server":"ESF","cache-control":"private","x-xss-protection":"0","x-frame-options":"SAMEORIGIN","x-content-type-options":"nosniff","server-timing":"gfet4t7; dur=234","alt-svc":"h3=\":443\"; ma=2592000,h3-29=\":443\"; ma=2592000,h3-Q050=\":443\"; ma=2592000,h3-Q046=\":443\"; ma=2592000,h3-Q043=\":443\"; ma=2592000,quic=\":443\"; ma=2592000; v=\"46,43\"","accept-ranges":"none","transfer-encoding":"chunked"}
[debug] [2021-11-16T23:40:38.731Z] > refreshing access token with scopes: []
[debug] [2021-11-16T23:40:38.731Z] >>> HTTP REQUEST POST https://www.googleapis.com/oauth2/v3/token  
 <request body omitted>
[debug] [2021-11-16T23:40:38.851Z] <<< HTTP RESPONSE 200 {"date":"Tue, 16 Nov 2021 23:40:39 GMT","pragma":"no-cache","expires":"Mon, 01 Jan 1990 00:00:00 GMT","cache-control":"no-cache, no-store, max-age=0, must-revalidate","content-type":"application/json; charset=utf-8","vary":"X-Origin, Referer, Origin,Accept-Encoding","server":"scaffolding on HTTPServer2","x-xss-protection":"0","x-frame-options":"SAMEORIGIN","x-content-type-options":"nosniff","alt-svc":"h3=\":443\"; ma=2592000,h3-29=\":443\"; ma=2592000,h3-Q050=\":443\"; ma=2592000,h3-Q046=\":443\"; ma=2592000,h3-Q043=\":443\"; ma=2592000,quic=\":443\"; ma=2592000; v=\"46,43\"","accept-ranges":"none","transfer-encoding":"chunked"}
[debug] [2021-11-16T23:40:38.856Z] >>> [apiv2][query] GET https://cloudresourcemanager.googleapis.com/v1/operations/cp.6857459750588685907 [none]
[debug] [2021-11-16T23:40:39.229Z] <<< [apiv2][status] GET https://cloudresourcemanager.googleapis.com/v1/operations/cp.6857459750588685907 200
[debug] [2021-11-16T23:40:39.229Z] <<< [apiv2][body] GET https://cloudresourcemanager.googleapis.com/v1/operations/cp.6857459750588685907 {"name":"operations/cp.6857459750588685907"}
[debug] [2021-11-16T23:40:39.739Z] [Project Creation Poller] Retrying task index 0
[debug] [2021-11-16T23:40:39.740Z] >>> [apiv2][query] GET https://cloudresourcemanager.googleapis.com/v1/operations/cp.6857459750588685907 [none]
[debug] [2021-11-16T23:40:40.213Z] <<< [apiv2][status] GET https://cloudresourcemanager.googleapis.com/v1/operations/cp.6857459750588685907 200
[debug] [2021-11-16T23:40:40.213Z] <<< [apiv2][body] GET https://cloudresourcemanager.googleapis.com/v1/operations/cp.6857459750588685907 {"name":"operations/cp.6857459750588685907"}
[debug] [2021-11-16T23:40:41.223Z] [Project Creation Poller] Retrying task index 0
[debug] [2021-11-16T23:40:41.223Z] >>> [apiv2][query] GET https://cloudresourcemanager.googleapis.com/v1/operations/cp.6857459750588685907 [none]
[debug] [2021-11-16T23:40:41.640Z] <<< [apiv2][status] GET https://cloudresourcemanager.googleapis.com/v1/operations/cp.6857459750588685907 200
[debug] [2021-11-16T23:40:41.641Z] <<< [apiv2][body] GET https://cloudresourcemanager.googleapis.com/v1/operations/cp.6857459750588685907 {"name":"operations/cp.6857459750588685907","metadata":{"@type":"type.googleapis.com/google.cloudresourcemanager.v1.ProjectCreationStatus","gettable":true}}
[debug] [2021-11-16T23:40:43.654Z] [Project Creation Poller] Retrying task index 0
[debug] [2021-11-16T23:40:43.654Z] >>> [apiv2][query] GET https://cloudresourcemanager.googleapis.com/v1/operations/cp.6857459750588685907 [none]
[debug] [2021-11-16T23:40:44.120Z] <<< [apiv2][status] GET https://cloudresourcemanager.googleapis.com/v1/operations/cp.6857459750588685907 200
[debug] [2021-11-16T23:40:44.120Z] <<< [apiv2][body] GET https://cloudresourcemanager.googleapis.com/v1/operations/cp.6857459750588685907 {"name":"operations/cp.6857459750588685907","metadata":{"@type":"type.googleapis.com/google.cloudresourcemanager.v1.ProjectCreationStatus","gettable":true,"ready":true},"done":true,"response":{"@type":"type.googleapis.com/google.cloudresourcemanager.v1.Project","projectNumber":"758789568353","projectId":"nextrip-angular","lifecycleState":"ACTIVE","name":"nextrip-angular","createTime":"2021-11-16T23:40:39.237Z"}}
[debug] [2021-11-16T23:40:44.120Z] > refreshing access token with scopes: ["email","https://www.googleapis.com/auth/cloud-platform","https://www.googleapis.com/auth/cloudplatformprojects.readonly","https://www.googleapis.com/auth/firebase","openid"]
[debug] [2021-11-16T23:40:44.120Z] >>> HTTP REQUEST POST https://www.googleapis.com/oauth2/v3/token  
 <request body omitted>
[debug] [2021-11-16T23:40:44.229Z] <<< HTTP RESPONSE 200 {"cache-control":"no-cache, no-store, max-age=0, must-revalidate","pragma":"no-cache","expires":"Mon, 01 Jan 1990 00:00:00 GMT","date":"Tue, 16 Nov 2021 23:40:44 GMT","content-type":"application/json; charset=utf-8","vary":"X-Origin, Referer, Origin,Accept-Encoding","server":"scaffolding on HTTPServer2","x-xss-protection":"0","x-frame-options":"SAMEORIGIN","x-content-type-options":"nosniff","alt-svc":"h3=\":443\"; ma=2592000,h3-29=\":443\"; ma=2592000,h3-Q050=\":443\"; ma=2592000,h3-Q046=\":443\"; ma=2592000,h3-Q043=\":443\"; ma=2592000,quic=\":443\"; ma=2592000; v=\"46,43\"","accept-ranges":"none","transfer-encoding":"chunked"}
[debug] [2021-11-16T23:40:44.234Z] >>> HTTP REQUEST POST https://firebase.googleapis.com/v1beta1/projects/nextrip-angular:addFirebase  
 
[debug] [2021-11-16T23:40:46.175Z] <<< HTTP RESPONSE 200 {"content-type":"application/json; charset=UTF-8","vary":"X-Origin, Referer, Origin,Accept-Encoding","date":"Tue, 16 Nov 2021 23:40:46 GMT","server":"ESF","cache-control":"private","x-xss-protection":"0","x-frame-options":"SAMEORIGIN","x-content-type-options":"nosniff","alt-svc":"h3=\":443\"; ma=2592000,h3-29=\":443\"; ma=2592000,h3-Q050=\":443\"; ma=2592000,h3-Q046=\":443\"; ma=2592000,h3-Q043=\":443\"; ma=2592000,quic=\":443\"; ma=2592000; v=\"46,43\"","accept-ranges":"none","transfer-encoding":"chunked"}
[debug] [2021-11-16T23:40:46.175Z] > refreshing access token with scopes: []
[debug] [2021-11-16T23:40:46.175Z] >>> HTTP REQUEST POST https://www.googleapis.com/oauth2/v3/token  
 <request body omitted>
[debug] [2021-11-16T23:40:46.287Z] <<< HTTP RESPONSE 200 {"cache-control":"no-cache, no-store, max-age=0, must-revalidate","date":"Tue, 16 Nov 2021 23:40:46 GMT","pragma":"no-cache","expires":"Mon, 01 Jan 1990 00:00:00 GMT","content-type":"application/json; charset=utf-8","vary":"X-Origin, Referer, Origin,Accept-Encoding","server":"scaffolding on HTTPServer2","x-xss-protection":"0","x-frame-options":"SAMEORIGIN","x-content-type-options":"nosniff","alt-svc":"h3=\":443\"; ma=2592000,h3-29=\":443\"; ma=2592000,h3-Q050=\":443\"; ma=2592000,h3-Q046=\":443\"; ma=2592000,h3-Q043=\":443\"; ma=2592000,quic=\":443\"; ma=2592000; v=\"46,43\"","accept-ranges":"none","transfer-encoding":"chunked"}
[debug] [2021-11-16T23:40:46.294Z] >>> [apiv2][query] GET https://firebase.googleapis.com/v1beta1/operations/workflows/Y2Y2NTRhZWItZWM0ZC00NjY0LWE3NWEtZjVlNzAzZDY4ZjRj [none]
[debug] [2021-11-16T23:40:46.686Z] <<< [apiv2][status] GET https://firebase.googleapis.com/v1beta1/operations/workflows/Y2Y2NTRhZWItZWM0ZC00NjY0LWE3NWEtZjVlNzAzZDY4ZjRj 200
[debug] [2021-11-16T23:40:46.687Z] <<< [apiv2][body] GET https://firebase.googleapis.com/v1beta1/operations/workflows/Y2Y2NTRhZWItZWM0ZC00NjY0LWE3NWEtZjVlNzAzZDY4ZjRj {"name":"operations/workflows/Y2Y2NTRhZWItZWM0ZC00NjY0LWE3NWEtZjVlNzAzZDY4ZjRj"}
[debug] [2021-11-16T23:40:47.195Z] [Add Firebase Poller] Retrying task index 0
[debug] [2021-11-16T23:40:47.196Z] >>> [apiv2][query] GET https://firebase.googleapis.com/v1beta1/operations/workflows/Y2Y2NTRhZWItZWM0ZC00NjY0LWE3NWEtZjVlNzAzZDY4ZjRj [none]
[debug] [2021-11-16T23:40:47.508Z] <<< [apiv2][status] GET https://firebase.googleapis.com/v1beta1/operations/workflows/Y2Y2NTRhZWItZWM0ZC00NjY0LWE3NWEtZjVlNzAzZDY4ZjRj 200
[debug] [2021-11-16T23:40:47.508Z] <<< [apiv2][body] GET https://firebase.googleapis.com/v1beta1/operations/workflows/Y2Y2NTRhZWItZWM0ZC00NjY0LWE3NWEtZjVlNzAzZDY4ZjRj {"name":"operations/workflows/Y2Y2NTRhZWItZWM0ZC00NjY0LWE3NWEtZjVlNzAzZDY4ZjRj"}
[debug] [2021-11-16T23:40:48.514Z] [Add Firebase Poller] Retrying task index 0
[debug] [2021-11-16T23:40:48.514Z] >>> [apiv2][query] GET https://firebase.googleapis.com/v1beta1/operations/workflows/Y2Y2NTRhZWItZWM0ZC00NjY0LWE3NWEtZjVlNzAzZDY4ZjRj [none]
[debug] [2021-11-16T23:40:48.807Z] <<< [apiv2][status] GET https://firebase.googleapis.com/v1beta1/operations/workflows/Y2Y2NTRhZWItZWM0ZC00NjY0LWE3NWEtZjVlNzAzZDY4ZjRj 200
[debug] [2021-11-16T23:40:48.807Z] <<< [apiv2][body] GET https://firebase.googleapis.com/v1beta1/operations/workflows/Y2Y2NTRhZWItZWM0ZC00NjY0LWE3NWEtZjVlNzAzZDY4ZjRj {"name":"operations/workflows/Y2Y2NTRhZWItZWM0ZC00NjY0LWE3NWEtZjVlNzAzZDY4ZjRj"}
[debug] [2021-11-16T23:40:50.822Z] [Add Firebase Poller] Retrying task index 0
[debug] [2021-11-16T23:40:50.822Z] >>> [apiv2][query] GET https://firebase.googleapis.com/v1beta1/operations/workflows/Y2Y2NTRhZWItZWM0ZC00NjY0LWE3NWEtZjVlNzAzZDY4ZjRj [none]
[debug] [2021-11-16T23:40:51.202Z] <<< [apiv2][status] GET https://firebase.googleapis.com/v1beta1/operations/workflows/Y2Y2NTRhZWItZWM0ZC00NjY0LWE3NWEtZjVlNzAzZDY4ZjRj 200
[debug] [2021-11-16T23:40:51.202Z] <<< [apiv2][body] GET https://firebase.googleapis.com/v1beta1/operations/workflows/Y2Y2NTRhZWItZWM0ZC00NjY0LWE3NWEtZjVlNzAzZDY4ZjRj {"name":"operations/workflows/Y2Y2NTRhZWItZWM0ZC00NjY0LWE3NWEtZjVlNzAzZDY4ZjRj"}
[debug] [2021-11-16T23:40:55.209Z] [Add Firebase Poller] Retrying task index 0
[debug] [2021-11-16T23:40:55.209Z] >>> [apiv2][query] GET https://firebase.googleapis.com/v1beta1/operations/workflows/Y2Y2NTRhZWItZWM0ZC00NjY0LWE3NWEtZjVlNzAzZDY4ZjRj [none]
[debug] [2021-11-16T23:40:55.598Z] <<< [apiv2][status] GET https://firebase.googleapis.com/v1beta1/operations/workflows/Y2Y2NTRhZWItZWM0ZC00NjY0LWE3NWEtZjVlNzAzZDY4ZjRj 200
[debug] [2021-11-16T23:40:55.598Z] <<< [apiv2][body] GET https://firebase.googleapis.com/v1beta1/operations/workflows/Y2Y2NTRhZWItZWM0ZC00NjY0LWE3NWEtZjVlNzAzZDY4ZjRj {"name":"operations/workflows/Y2Y2NTRhZWItZWM0ZC00NjY0LWE3NWEtZjVlNzAzZDY4ZjRj"}
[debug] [2021-11-16T23:41:03.611Z] [Add Firebase Poller] Retrying task index 0
[debug] [2021-11-16T23:41:03.611Z] >>> [apiv2][query] GET https://firebase.googleapis.com/v1beta1/operations/workflows/Y2Y2NTRhZWItZWM0ZC00NjY0LWE3NWEtZjVlNzAzZDY4ZjRj [none]
[debug] [2021-11-16T23:41:04.009Z] <<< [apiv2][status] GET https://firebase.googleapis.com/v1beta1/operations/workflows/Y2Y2NTRhZWItZWM0ZC00NjY0LWE3NWEtZjVlNzAzZDY4ZjRj 200
[debug] [2021-11-16T23:41:04.009Z] <<< [apiv2][body] GET https://firebase.googleapis.com/v1beta1/operations/workflows/Y2Y2NTRhZWItZWM0ZC00NjY0LWE3NWEtZjVlNzAzZDY4ZjRj {"name":"operations/workflows/Y2Y2NTRhZWItZWM0ZC00NjY0LWE3NWEtZjVlNzAzZDY4ZjRj","done":true,"response":{"@type":"type.googleapis.com/google.firebase.service.v1beta1.FirebaseProject","projectId":"nextrip-angular","projectNumber":"758789568353","displayName":"nextrip-angular","name":"projects/nextrip-angular","resources":{"hostingSite":"nextrip-angular"}}}
[info] 
[info] === Your Firebase project is ready! ===
[info] 
[info] Project information:
[info]    - Project ID: nextrip-angular
[info]    - Project Name: nextrip-angular
[info] 
[info] Firebase console is available at
[info] https://console.firebase.google.com/project/nextrip-angular/overview
[info] i  Using project nextrip-angular (nextrip-angular) 
[info] 
=== Hosting Setup
[info] 
[info] Your public directory is the folder (relative to your project directory) that
[info] will contain Hosting assets to be uploaded with firebase deploy. If you
[info] have a build process for your assets, use your build's output directory.
[info] 
[debug] [2021-11-16T23:44:34.008Z] >>> [apiv2][query] GET https://www.gstatic.com/firebasejs/releases.json [none]
[debug] [2021-11-16T23:44:34.121Z] <<< [apiv2][status] GET https://www.gstatic.com/firebasejs/releases.json 200
[debug] [2021-11-16T23:44:34.121Z] <<< [apiv2][body] GET https://www.gstatic.com/firebasejs/releases.json {"current":{"version":"9.4.1","browserURL":"https://www.gstatic.com/firebasejs/9.4.1/firebase.js","packageURL":"https://www.gstatic.com/firebasejs/9.4.1/firebase.tgz"},"live":{"version":"9.4","browserURL":"https://www.gstatic.com/firebasejs/live/9.4/firebase.js","packageURL":"https://www.gstatic.com/firebasejs/live/9.4/firebase.tgz"},"components":{"analytics":"https://www.gstatic.com/firebasejs/9.4.1/firebase-analytics.js","app":"https://www.gstatic.com/firebasejs/9.4.1/firebase-app.js","app-check":"https://www.gstatic.com/firebasejs/9.4.1/firebase-app-check.js","auth":"https://www.gstatic.com/firebasejs/9.4.1/firebase-auth.js","auth/cordova":"https://www.gstatic.com/firebasejs/9.4.1/firebase-auth/cordova.js","auth/react-native":"https://www.gstatic.com/firebasejs/9.4.1/firebase-auth/react-native.js","functions":"https://www.gstatic.com/firebasejs/9.4.1/firebase-functions.js","firestore":"https://www.gstatic.com/firebasejs/9.4.1/firebase-firestore.js","firestore/lite":"https://www.gstatic.com/firebasejs/9.4.1/firebase-firestore/lite.js","storage":"https://www.gstatic.com/firebasejs/9.4.1/firebase-storage.js","performance":"https://www.gstatic.com/firebasejs/9.4.1/firebase-performance.js","remote-config":"https://www.gstatic.com/firebasejs/9.4.1/firebase-remote-config.js","messaging":"https://www.gstatic.com/firebasejs/9.4.1/firebase-messaging.js","messaging/sw":"https://www.gstatic.com/firebasejs/9.4.1/firebase-messaging/sw.js","database":"https://www.gstatic.com/firebasejs/9.4.1/firebase-database.js","firestore.memory":"https://www.gstatic.com/firebasejs/9.4.1/firebase-firestore.memory.js"}}
[info] +  Wrote distxtrip-angular/index.html 
[info] 
[info] i  Detected a .git folder at C:\Users\neeha\OneDrive\Documents\soujanya\angular2\nextrip-angular 
[info] i  Authorizing with GitHub to upload your service account to a GitHub repository's secrets store. 
[info] 
[info] Visit this URL on this device to log in:
[info] https://github.com/login/oauth/authorize?client_id=89cf50f02ac6aaed3484&state=993401287&redirect_uri=http%3A%2F%2Flocalhost%3A9005&scope=read%3Auser%20repo%20public_repo
[info] 
[info] Waiting for authentication...
[debug] [2021-11-16T23:45:14.508Z] >>> HTTP REQUEST POST https://github.com/login/oauth/access_token  
 {"client_id":"89cf50f02ac6aaed3484","client_secret":"3330d14abc895d9a74d5f17cd7a00711fa2c5bf0","code":"488b7e24aa60fd05e132","redirect_uri":"http://localhost:9005","state":"993401287"}
[debug] [2021-11-16T23:45:14.761Z] <<< HTTP RESPONSE 200 {"server":"GitHub.com","date":"Tue, 16 Nov 2021 23:45:15 GMT","content-type":"application/json; charset=utf-8","transfer-encoding":"chunked","vary":"X-PJAX, X-PJAX-Container, Accept-Encoding, Accept, X-Requested-With","permissions-policy":"interest-cohort=()","etag":"W/\"60361a942c708af64facb595dafa1632\"","cache-control":"max-age=0, private, must-revalidate","strict-transport-security":"max-age=31536000; includeSubdomains; preload","x-frame-options":"deny","x-content-type-options":"nosniff","x-xss-protection":"0","referrer-policy":"origin-when-cross-origin, strict-origin-when-cross-origin","expect-ct":"max-age=2592000, report-uri=\"https://api.github.com/_private/browser/errors\"","content-security-policy":"default-src 'none'; base-uri 'self'; block-all-mixed-content; child-src github.com/assets-cdn/worker/ gist.github.com/assets-cdn/worker/; connect-src 'self' uploads.github.com objects-origin.githubusercontent.com www.githubstatus.com collector.githubapp.com api.github.com github-cloud.s3.amazonaws.com github-production-repository-file-5c1aeb.s3.amazonaws.com github-production-upload-manifest-file-7fdce7.s3.amazonaws.com github-production-user-asset-6210df.s3.amazonaws.com cdn.optimizely.com logx.optimizely.com/v1/events translator.github.com wss://alive.github.com; font-src github.githubassets.com; form-action 'self' github.com gist.github.com objects-origin.githubusercontent.com; frame-ancestors 'none'; frame-src render.githubusercontent.com viewscreen.githubusercontent.com notebooks.githubusercontent.com; img-src 'self' data: github.githubassets.com identicons.github.com collector.githubapp.com github-cloud.s3.amazonaws.com secured-user-images.githubusercontent.com/ *.githubusercontent.com; manifest-src 'self'; media-src github.com user-images.githubusercontent.com/; script-src github.githubassets.com; style-src 'unsafe-inline' github.githubassets.com; worker-src github.com/assets-cdn/worker/ gist.github.com/assets-cdn/worker/","x-github-request-id":"E038:7D71:143EEA:2A48DA:6194428B"}
[debug] [2021-11-16T23:45:14.764Z] >>> [apiv2][query] GET https://api.github.com/user [none]
[debug] [2021-11-16T23:45:15.019Z] <<< [apiv2][status] GET https://api.github.com/user 200
[debug] [2021-11-16T23:45:15.019Z] <<< [apiv2][body] GET https://api.github.com/user {"login":"jscodebit","id":17357861,"node_id":"MDQ6VXNlcjE3MzU3ODYx","avatar_url":"https://avatars.githubusercontent.com/u/17357861?v=4","gravatar_id":"","url":"https://api.github.com/users/jscodebit","html_url":"https://github.com/jscodebit","followers_url":"https://api.github.com/users/jscodebit/followers","following_url":"https://api.github.com/users/jscodebit/following{/other_user}","gists_url":"https://api.github.com/users/jscodebit/gists{/gist_id}","starred_url":"https://api.github.com/users/jscodebit/starred{/owner}{/repo}","subscriptions_url":"https://api.github.com/users/jscodebit/subscriptions","organizations_url":"https://api.github.com/users/jscodebit/orgs","repos_url":"https://api.github.com/users/jscodebit/repos","events_url":"https://api.github.com/users/jscodebit/events{/privacy}","received_events_url":"https://api.github.com/users/jscodebit/received_events","type":"User","site_admin":false,"name":null,"company":null,"blog":"","location":null,"email":null,"hireable":null,"bio":null,"twitter_username":null,"public_repos":75,"public_gists":0,"followers":0,"following":7,"created_at":"2016-02-20T16:33:12Z","updated_at":"2021-09-30T17:20:08Z","private_gists":0,"total_private_repos":1,"owned_private_repos":1,"disk_usage":141023,"collaborators":1,"two_factor_authentication":false,"plan":{"name":"free","space":976562499,"collaborators":0,"private_repos":10000}}
[info] 
[info] +  Success! Logged into GitHub as jscodebit 
[info] 
[debug] [2021-11-16T23:45:54.430Z] >>> [apiv2][query] GET https://api.github.com/repos/[Cnextrip-angular/actions/secrets/public-key type=owner
[debug] [2021-11-16T23:45:54.622Z] <<< [apiv2][status] GET https://api.github.com/repos/[Cnextrip-angular/actions/secrets/public-key 404
[debug] [2021-11-16T23:45:54.622Z] <<< [apiv2][body] GET https://api.github.com/repos/[Cnextrip-angular/actions/secrets/public-key {"message":"Not Found","documentation_url":"https://docs.github.com/rest"}
[debug] [2021-11-16T23:46:14.598Z] >>> [apiv2][query] GET https://api.github.com/repos/nextrip-angular/actions/secrets/public-key type=owner
[debug] [2021-11-16T23:46:14.756Z] <<< [apiv2][status] GET https://api.github.com/repos/nextrip-angular/actions/secrets/public-key 404
[debug] [2021-11-16T23:46:14.756Z] <<< [apiv2][body] GET https://api.github.com/repos/nextrip-angular/actions/secrets/public-key {"message":"Not Found","documentation_url":"https://docs.github.com/rest"}
[debug] [2021-11-16T23:47:47.190Z] >>> [apiv2][query] GET https://api.github.com/repos//actions/secrets/public-key type=owner
[debug] [2021-11-16T23:47:47.404Z] >>> [apiv2][query] GET https://api.github.com/repos//actions/secrets/public-key type=owner
[debug] [2021-11-16T23:47:47.705Z] <<< [apiv2][status] GET https://api.github.com/repos//actions/secrets/public-key 404
[debug] [2021-11-16T23:47:47.705Z] <<< [apiv2][body] GET https://api.github.com/repos//actions/secrets/public-key {"message":"Not Found","documentation_url":"https://docs.github.com/rest"}
[debug] [2021-11-16T23:47:47.708Z] <<< [apiv2][status] GET https://api.github.com/repos//actions/secrets/public-key 404
[debug] [2021-11-16T23:47:47.708Z] <<< [apiv2][body] GET https://api.github.com/repos//actions/secrets/public-key {"message":"Not Found","documentation_url":"https://docs.github.com/rest"}
[debug] [2021-11-16T23:47:47.967Z] >>> [apiv2][query] GET https://api.github.com/repos//actions/secrets/public-key type=owner
[debug] [2021-11-16T23:47:48.537Z] <<< [apiv2][status] GET https://api.github.com/repos//actions/secrets/public-key 404
[debug] [2021-11-16T23:47:48.537Z] <<< [apiv2][body] GET https://api.github.com/repos//actions/secrets/public-key {"message":"Not Found","documentation_url":"https://docs.github.com/rest"}
[debug] [2021-11-16T23:47:59.187Z] >>> [apiv2][query] GET https://api.github.com/repos/ nextrip-angular/actions/secrets/public-key type=owner
[debug] [2021-11-16T23:47:59.350Z] <<< [apiv2][status] GET https://api.github.com/repos/ nextrip-angular/actions/secrets/public-key 404
[debug] [2021-11-16T23:47:59.351Z] <<< [apiv2][body] GET https://api.github.com/repos/ nextrip-angular/actions/secrets/public-key {"message":"Not Found","documentation_url":"https://docs.github.com/rest"}
[debug] [2021-11-16T23:48:53.657Z] >>> [apiv2][query] GET https://api.github.com/repos/nextrip-angular/actions/secrets/public-key type=owner
[debug] [2021-11-16T23:48:53.836Z] <<< [apiv2][status] GET https://api.github.com/repos/nextrip-angular/actions/secrets/public-key 404
[debug] [2021-11-16T23:48:53.836Z] <<< [apiv2][body] GET https://api.github.com/repos/nextrip-angular/actions/secrets/public-key {"message":"Not Found","documentation_url":"https://docs.github.com/rest"}
[debug] [2021-11-16T23:48:53.851Z] >>> [apiv2][query] GET https://api.github.com/repos//actions/secrets/public-key type=owner
[debug] [2021-11-16T23:48:54.001Z] <<< [apiv2][status] GET https://api.github.com/repos//actions/secrets/public-key 404
[debug] [2021-11-16T23:48:54.001Z] <<< [apiv2][body] GET https://api.github.com/repos//actions/secrets/public-key {"message":"Not Found","documentation_url":"https://docs.github.com/rest"}
[debug] [2021-11-16T23:48:54.067Z] >>> [apiv2][query] GET https://api.github.com/repos//actions/secrets/public-key type=owner
[debug] [2021-11-16T23:48:54.223Z] <<< [apiv2][status] GET https://api.github.com/repos//actions/secrets/public-key 404
[debug] [2021-11-16T23:48:54.223Z] <<< [apiv2][body] GET https://api.github.com/repos//actions/secrets/public-key {"message":"Not Found","documentation_url":"https://docs.github.com/rest"}
[debug] [2021-11-16T23:48:54.338Z] >>> [apiv2][query] GET https://api.github.com/repos//actions/secrets/public-key type=owner
[debug] [2021-11-16T23:48:54.494Z] <<< [apiv2][status] GET https://api.github.com/repos//actions/secrets/public-key 404
[debug] [2021-11-16T23:48:54.494Z] <<< [apiv2][body] GET https://api.github.com/repos//actions/secrets/public-key {"message":"Not Found","documentation_url":"https://docs.github.com/rest"}
[debug] [2021-11-16T23:48:54.609Z] >>> [apiv2][query] GET https://api.github.com/repos//actions/secrets/public-key type=owner
[debug] [2021-11-16T23:48:54.770Z] <<< [apiv2][status] GET https://api.github.com/repos//actions/secrets/public-key 404
[debug] [2021-11-16T23:48:54.770Z] <<< [apiv2][body] GET https://api.github.com/repos//actions/secrets/public-key {"message":"Not Found","documentation_url":"https://docs.github.com/rest"}
[debug] [2021-11-16T23:48:55.047Z] >>> [apiv2][query] GET https://api.github.com/repos//actions/secrets/public-key type=owner
[debug] [2021-11-16T23:48:55.203Z] <<< [apiv2][status] GET https://api.github.com/repos//actions/secrets/public-key 404
[debug] [2021-11-16T23:48:55.203Z] <<< [apiv2][body] GET https://api.github.com/repos//actions/secrets/public-key {"message":"Not Found","documentation_url":"https://docs.github.com/rest"}
[debug] [2021-11-16T23:49:01.978Z] >>> [apiv2][query] GET https://api.github.com/repos/nextrip-agular/actions/secrets/public-key type=owner
[debug] [2021-11-16T23:49:02.179Z] <<< [apiv2][status] GET https://api.github.com/repos/nextrip-agular/actions/secrets/public-key 404
[debug] [2021-11-16T23:49:02.179Z] <<< [apiv2][body] GET https://api.github.com/repos/nextrip-agular/actions/secrets/public-key {"message":"Not Found","documentation_url":"https://docs.github.com/rest"}
